0 info it worked if it ends with ok
1 verbose cli [ '/Users/YOFukuda/.nvm/versions/node/v0.12.9/bin/node',
1 verbose cli   '/Users/YOFukuda/.nvm/versions/node/v0.12.9/bin/npm',
1 verbose cli   'install',
1 verbose cli   '-g',
1 verbose cli   'grunt-cli' ]
2 info using npm@2.14.9
3 info using node@v0.12.9
4 verbose install initial load of /Users/YOFukuda/.nvm/versions/node/v0.12.9/lib/package.json
5 verbose readDependencies loading dependencies from /Users/YOFukuda/.nvm/versions/node/v0.12.9/lib/package.json
6 silly cache add args [ 'grunt-cli', null ]
7 verbose cache add spec grunt-cli
8 silly cache add parsed spec { raw: 'grunt-cli',
8 silly cache add   scope: null,
8 silly cache add   name: 'grunt-cli',
8 silly cache add   rawSpec: '',
8 silly cache add   spec: '*',
8 silly cache add   type: 'range' }
9 silly addNamed grunt-cli@*
10 verbose addNamed "*" is a valid semver range for grunt-cli
11 silly addNameRange { name: 'grunt-cli', range: '*', hasData: false }
12 silly mapToRegistry name grunt-cli
13 silly mapToRegistry using default registry
14 silly mapToRegistry registry https://registry.npmjs.org/
15 silly mapToRegistry uri https://registry.npmjs.org/grunt-cli
16 verbose addNameRange registry:https://registry.npmjs.org/grunt-cli not in flight; fetching
17 verbose request uri https://registry.npmjs.org/grunt-cli
18 verbose request no auth needed
19 info attempt registry request try #1 at 8:36:42 AM
20 verbose request id 0bdc7af0f4c1ce0a
21 verbose etag W/"5903bb3b-808b"
22 verbose lastModified Fri, 28 Apr 2017 21:59:23 GMT
23 http request GET https://registry.npmjs.org/grunt-cli
24 http 304 https://registry.npmjs.org/grunt-cli
25 verbose headers { date: 'Wed, 03 May 2017 23:36:40 GMT',
25 verbose headers   via: '1.1 varnish',
25 verbose headers   'cache-control': 'max-age=300',
25 verbose headers   etag: 'W/"5903bb3b-808b"',
25 verbose headers   age: '67',
25 verbose headers   connection: 'keep-alive',
25 verbose headers   'x-served-by': 'cache-itm7426-ITM',
25 verbose headers   'x-cache': 'HIT',
25 verbose headers   'x-cache-hits': '1',
25 verbose headers   'x-timer': 'S1493854601.877374,VS0,VE0',
25 verbose headers   vary: 'Accept-Encoding' }
26 silly get cb [ 304,
26 silly get   { date: 'Wed, 03 May 2017 23:36:40 GMT',
26 silly get     via: '1.1 varnish',
26 silly get     'cache-control': 'max-age=300',
26 silly get     etag: 'W/"5903bb3b-808b"',
26 silly get     age: '67',
26 silly get     connection: 'keep-alive',
26 silly get     'x-served-by': 'cache-itm7426-ITM',
26 silly get     'x-cache': 'HIT',
26 silly get     'x-cache-hits': '1',
26 silly get     'x-timer': 'S1493854601.877374,VS0,VE0',
26 silly get     vary: 'Accept-Encoding' } ]
27 verbose etag https://registry.npmjs.org/grunt-cli from cache
28 verbose get saving grunt-cli to /Users/YOFukuda/.npm/registry.npmjs.org/grunt-cli/.cache.json
29 silly addNameRange number 2 { name: 'grunt-cli', range: '*', hasData: true }
30 silly addNameRange versions [ 'grunt-cli',
30 silly addNameRange   [ '0.1.0',
30 silly addNameRange     '0.1.1',
30 silly addNameRange     '0.1.2',
30 silly addNameRange     '0.1.3',
30 silly addNameRange     '0.1.4',
30 silly addNameRange     '0.1.5',
30 silly addNameRange     '0.1.6',
30 silly addNameRange     '0.1.7',
30 silly addNameRange     '0.1.8',
30 silly addNameRange     '0.1.9',
30 silly addNameRange     '0.1.10',
30 silly addNameRange     '0.1.11',
30 silly addNameRange     '0.1.12',
30 silly addNameRange     '0.1.13',
30 silly addNameRange     '1.0.0-rc1',
30 silly addNameRange     '1.0.0',
30 silly addNameRange     '1.0.1',
30 silly addNameRange     '1.1.0',
30 silly addNameRange     '1.2.0' ] ]
31 silly addNamed grunt-cli@1.2.0
32 verbose addNamed "1.2.0" is a plain semver version for grunt-cli
33 silly cache afterAdd grunt-cli@1.2.0
34 verbose afterAdd /Users/YOFukuda/.npm/grunt-cli/1.2.0/package/package.json not in flight; writing
35 verbose afterAdd /Users/YOFukuda/.npm/grunt-cli/1.2.0/package/package.json written
36 silly install resolved [ { name: 'grunt-cli',
36 silly install resolved     description: 'The grunt command line interface',
36 silly install resolved     version: '1.2.0',
36 silly install resolved     author:
36 silly install resolved      { name: 'Grunt Development Team',
36 silly install resolved        url: 'http://gruntjs.com/development-team' },
36 silly install resolved     repository:
36 silly install resolved      { type: 'git',
36 silly install resolved        url: 'git+https://github.com/gruntjs/grunt-cli.git' },
36 silly install resolved     license: 'MIT',
36 silly install resolved     engines: { node: '>=0.10.0' },
36 silly install resolved     scripts: { test: 'node bin/grunt test' },
36 silly install resolved     bin: { grunt: 'bin/grunt' },
36 silly install resolved     dependencies:
36 silly install resolved      { 'findup-sync': '~0.3.0',
36 silly install resolved        'grunt-known-options': '~1.1.0',
36 silly install resolved        nopt: '~3.0.6',
36 silly install resolved        resolve: '~1.1.0' },
36 silly install resolved     devDependencies: { grunt: '~0.4.5', 'grunt-contrib-jshint': '~1.0.0' },
36 silly install resolved     files: [ 'bin', 'completion', 'lib' ],
36 silly install resolved     appveyor_id: 'prp6g944b05jsq6d',
36 silly install resolved     contributors: [ [Object], [Object], [Object], [Object] ],
36 silly install resolved     gitHead: 'edd8bd29a72f2f28b63fe2629fcb7b9d9f2feb46',
36 silly install resolved     bugs: { url: 'https://github.com/gruntjs/grunt-cli/issues' },
36 silly install resolved     homepage: 'https://github.com/gruntjs/grunt-cli#readme',
36 silly install resolved     _id: 'grunt-cli@1.2.0',
36 silly install resolved     _shasum: '562b119ebb069ddb464ace2845501be97b35b6a8',
36 silly install resolved     _from: 'grunt-cli@*',
36 silly install resolved     _npmVersion: '3.8.2',
36 silly install resolved     _nodeVersion: '4.2.3',
36 silly install resolved     _npmUser: { name: 'vladikoff', email: 'vlad@vladikoff.com' },
36 silly install resolved     dist:
36 silly install resolved      { shasum: '562b119ebb069ddb464ace2845501be97b35b6a8',
36 silly install resolved        tarball: 'https://registry.npmjs.org/grunt-cli/-/grunt-cli-1.2.0.tgz' },
36 silly install resolved     maintainers: [ [Object], [Object], [Object], [Object] ],
36 silly install resolved     _npmOperationalInternal:
36 silly install resolved      { host: 'packages-12-west.internal.npmjs.com',
36 silly install resolved        tmp: 'tmp/grunt-cli-1.2.0.tgz_1459558434299_0.8824446983635426' },
36 silly install resolved     directories: {},
36 silly install resolved     _resolved: 'https://registry.npmjs.org/grunt-cli/-/grunt-cli-1.2.0.tgz',
36 silly install resolved     readme: 'ERROR: No README data found!' } ]
37 info install grunt-cli@1.2.0 into /Users/YOFukuda/.nvm/versions/node/v0.12.9/lib
38 info installOne grunt-cli@1.2.0
39 verbose installOne of grunt-cli to /Users/YOFukuda/.nvm/versions/node/v0.12.9/lib not in flight; installing
40 verbose lock using /Users/YOFukuda/.npm/_locks/grunt-cli-ba6a61607967b2dd.lock for /Users/YOFukuda/.nvm/versions/node/v0.12.9/lib/node_modules/grunt-cli
41 silly install write writing grunt-cli 1.2.0 to /Users/YOFukuda/.nvm/versions/node/v0.12.9/lib/node_modules/grunt-cli
42 verbose unbuild lib/node_modules/grunt-cli
43 info preuninstall grunt-cli@1.2.0
44 info uninstall grunt-cli@1.2.0
45 verbose unbuild rmStuff grunt-cli@1.2.0 from /Users/YOFukuda/.nvm/versions/node/v0.12.9/lib/node_modules
46 silly gentlyRm /Users/YOFukuda/.nvm/versions/node/v0.12.9/bin/grunt is being gently removed
47 silly gentlyRm verifying /Users/YOFukuda/.nvm/versions/node/v0.12.9 is an npm working directory
48 silly gentlyRm containing path /Users/YOFukuda/.nvm/versions/node/v0.12.9 is under npm's control, in /Users/YOFukuda/.nvm/versions/node/v0.12.9
49 silly gentlyRm deletion target /Users/YOFukuda/.nvm/versions/node/v0.12.9/bin/grunt is under /Users/YOFukuda/.nvm/versions/node/v0.12.9
50 verbose gentlyRm vacuuming from /Users/YOFukuda/.nvm/versions/node/v0.12.9/bin/grunt up to /Users/YOFukuda/.nvm/versions/node/v0.12.9
51 info postuninstall grunt-cli@1.2.0
52 silly gentlyRm /Users/YOFukuda/.nvm/versions/node/v0.12.9/lib/node_modules/grunt-cli is being purged from base /Users/YOFukuda/.nvm/versions/node/v0.12.9
53 verbose gentlyRm don't care about contents; nuking /Users/YOFukuda/.nvm/versions/node/v0.12.9/lib/node_modules/grunt-cli
54 silly vacuum-fs purging /Users/YOFukuda/.nvm/versions/node/v0.12.9/lib/node_modules/grunt-cli
55 verbose unlock done using /Users/YOFukuda/.npm/_locks/grunt-cli-ba6a61607967b2dd.lock for /Users/YOFukuda/.nvm/versions/node/v0.12.9/lib/node_modules/grunt-cli
56 verbose stack Error: EACCES, unlink '/Users/YOFukuda/.nvm/versions/node/v0.12.9/lib/node_modules/grunt-cli/CHANGELOG.md'
56 verbose stack     at Error (native)
57 verbose cwd /Users/YOFukuda/Desktop/twister-jekyll-theme
58 error Darwin 16.5.0
59 error argv "/Users/YOFukuda/.nvm/versions/node/v0.12.9/bin/node" "/Users/YOFukuda/.nvm/versions/node/v0.12.9/bin/npm" "install" "-g" "grunt-cli"
60 error node v0.12.9
61 error npm  v2.14.9
62 error path /Users/YOFukuda/.nvm/versions/node/v0.12.9/lib/node_modules/grunt-cli/CHANGELOG.md
63 error code EACCES
64 error errno -13
65 error Error: EACCES, unlink '/Users/YOFukuda/.nvm/versions/node/v0.12.9/lib/node_modules/grunt-cli/CHANGELOG.md'
65 error     at Error (native)
65 error  { [Error: EACCES, unlink '/Users/YOFukuda/.nvm/versions/node/v0.12.9/lib/node_modules/grunt-cli/CHANGELOG.md']
65 error   errno: -13,
65 error   code: 'EACCES',
65 error   path: '/Users/YOFukuda/.nvm/versions/node/v0.12.9/lib/node_modules/grunt-cli/CHANGELOG.md' }
66 error Please try running this command again as root/Administrator.
67 verbose exit [ -13, true ]
68 verbose unbuild lib/node_modules/grunt-cli
69 info preuninstall grunt-cli@1.2.0
70 info uninstall grunt-cli@1.2.0
71 verbose unbuild rmStuff grunt-cli@1.2.0 from /Users/YOFukuda/.nvm/versions/node/v0.12.9/lib/node_modules
72 silly gentlyRm /Users/YOFukuda/.nvm/versions/node/v0.12.9/bin/grunt is being gently removed
73 silly gentlyRm verifying /Users/YOFukuda/.nvm/versions/node/v0.12.9 is an npm working directory
74 silly gentlyRm containing path /Users/YOFukuda/.nvm/versions/node/v0.12.9 is under npm's control, in /Users/YOFukuda/.nvm/versions/node/v0.12.9
75 silly gentlyRm deletion target /Users/YOFukuda/.nvm/versions/node/v0.12.9/bin/grunt is under /Users/YOFukuda/.nvm/versions/node/v0.12.9
76 verbose gentlyRm vacuuming from /Users/YOFukuda/.nvm/versions/node/v0.12.9/bin/grunt up to /Users/YOFukuda/.nvm/versions/node/v0.12.9
77 info postuninstall grunt-cli@1.2.0
78 silly gentlyRm /Users/YOFukuda/.nvm/versions/node/v0.12.9/lib/node_modules/grunt-cli is being purged from base /Users/YOFukuda/.nvm/versions/node/v0.12.9
79 verbose gentlyRm don't care about contents; nuking /Users/YOFukuda/.nvm/versions/node/v0.12.9/lib/node_modules/grunt-cli
80 silly vacuum-fs purging /Users/YOFukuda/.nvm/versions/node/v0.12.9/lib/node_modules/grunt-cli
81 error error rolling back Error: EACCES, unlink '/Users/YOFukuda/.nvm/versions/node/v0.12.9/lib/node_modules/grunt-cli/CHANGELOG.md'
81 error error rolling back     at Error (native)
81 error error rolling back  { [Error: EACCES, unlink '/Users/YOFukuda/.nvm/versions/node/v0.12.9/lib/node_modules/grunt-cli/CHANGELOG.md']
81 error error rolling back   errno: -13,
81 error error rolling back   code: 'EACCES',
81 error error rolling back   path: '/Users/YOFukuda/.nvm/versions/node/v0.12.9/lib/node_modules/grunt-cli/CHANGELOG.md' }
